C:\Users\Alwanzo\Documents\load_model\load_model\load_model\Release\cl.command.1.tlog
C:\Users\Alwanzo\Documents\load_model\load_model\load_model\Release\CL.read.1.tlog
C:\Users\Alwanzo\Documents\load_model\load_model\load_model\Release\CL.write.1.tlog
C:\USERS\ALWANZO\DOCUMENTS\LOAD_MODEL\LOAD_MODEL\LOAD_MODEL\RELEASE\GLM.OBJ
C:\USERS\ALWANZO\DOCUMENTS\LOAD_MODEL\LOAD_MODEL\LOAD_MODEL\RELEASE\GLMIMG.OBJ
C:\Users\Alwanzo\Documents\load_model\load_model\load_model\Release\link.command.1.tlog
C:\Users\Alwanzo\Documents\load_model\load_model\load_model\Release\link.read.1.tlog
C:\Users\Alwanzo\Documents\load_model\load_model\load_model\Release\link.write.1.tlog
C:\USERS\ALWANZO\DOCUMENTS\LOAD_MODEL\LOAD_MODEL\LOAD_MODEL\RELEASE\LOAD_MODEL.EXE.INTERMEDIATE.MANIFEST
C:\USERS\ALWANZO\DOCUMENTS\LOAD_MODEL\LOAD_MODEL\LOAD_MODEL\RELEASE\LOAD_MODEL.PCH
C:\Users\Alwanzo\Documents\load_model\load_model\load_model\Release\load_model.vcxprojResolveAssemblyReference.cache
C:\Users\Alwanzo\Documents\load_model\load_model\load_model\Release\load_model.write.1.tlog
C:\USERS\ALWANZO\DOCUMENTS\LOAD_MODEL\LOAD_MODEL\LOAD_MODEL\RELEASE\LOAD_MODEL_EXAMPLE.OBJ
C:\Users\Alwanzo\Documents\load_model\load_model\load_model\Release\mt.command.1.tlog
C:\Users\Alwanzo\Documents\load_model\load_model\load_model\Release\mt.read.1.tlog
C:\Users\Alwanzo\Documents\load_model\load_model\load_model\Release\mt.write.1.tlog
C:\USERS\ALWANZO\DOCUMENTS\LOAD_MODEL\LOAD_MODEL\LOAD_MODEL\RELEASE\STDAFX.OBJ
C:\USERS\ALWANZO\DOCUMENTS\LOAD_MODEL\LOAD_MODEL\LOAD_MODEL\RELEASE\TEXTURE.OBJ
C:\USERS\ALWANZO\DOCUMENTS\LOAD_MODEL\LOAD_MODEL\LOAD_MODEL\RELEASE\VC100.PDB
C:\Users\Alwanzo\Documents\load_model\load_model\load_model\Release\vc90.idb
C:\Users\Alwanzo\Documents\load_model\load_model\load_model\Release\vc90.pdb
C:\USERS\ALWANZO\DOCUMENTS\LOAD_MODEL\LOAD_MODEL\RELEASE\LOAD_MODEL.EXE
C:\USERS\ALWANZO\DOCUMENTS\LOAD_MODEL\LOAD_MODEL\RELEASE\LOAD_MODEL.PDB
C:\USERS\PC\DESKTOP\LOAD_MODEL\LOAD_MODEL\LOAD_MODEL\RELEASE\GLM.OBJ
C:\USERS\PC\DESKTOP\LOAD_MODEL\LOAD_MODEL\LOAD_MODEL\RELEASE\GLMIMG.OBJ
C:\USERS\PC\DESKTOP\LOAD_MODEL\LOAD_MODEL\LOAD_MODEL\RELEASE\LOAD_MODEL.EXE.INTERMEDIATE.MANIFEST
C:\USERS\PC\DESKTOP\LOAD_MODEL\LOAD_MODEL\LOAD_MODEL\RELEASE\LOAD_MODEL.PCH
C:\USERS\PC\DESKTOP\LOAD_MODEL\LOAD_MODEL\LOAD_MODEL\RELEASE\LOAD_MODEL_EXAMPLE.OBJ
C:\USERS\PC\DESKTOP\LOAD_MODEL\LOAD_MODEL\LOAD_MODEL\RELEASE\STDAFX.OBJ
C:\USERS\PC\DESKTOP\LOAD_MODEL\LOAD_MODEL\LOAD_MODEL\RELEASE\TEXTURE.OBJ
C:\USERS\PC\DESKTOP\LOAD_MODEL\LOAD_MODEL\LOAD_MODEL\RELEASE\VC100.PDB
C:\USERS\PC\DESKTOP\LOAD_MODEL\LOAD_MODEL\RELEASE\LOAD_MODEL.EXE
C:\USERS\PC\DESKTOP\LOAD_MODEL\LOAD_MODEL\RELEASE\LOAD_MODEL.PDB
C:\USERS\YOUSSEF ABOZEID\DESKTOP\LOAD_MODEL\LOAD_MODEL\RELEASE\GLM.OBJ
C:\USERS\YOUSSEF ABOZEID\DESKTOP\LOAD_MODEL\LOAD_MODEL\RELEASE\GLMIMG.OBJ
C:\USERS\YOUSSEF ABOZEID\DESKTOP\LOAD_MODEL\LOAD_MODEL\RELEASE\LOAD_MODEL.EXE.INTERMEDIATE.MANIFEST
C:\USERS\YOUSSEF ABOZEID\DESKTOP\LOAD_MODEL\LOAD_MODEL\RELEASE\LOAD_MODEL.PCH
C:\USERS\YOUSSEF ABOZEID\DESKTOP\LOAD_MODEL\LOAD_MODEL\RELEASE\LOAD_MODEL_EXAMPLE.OBJ
C:\USERS\YOUSSEF ABOZEID\DESKTOP\LOAD_MODEL\LOAD_MODEL\RELEASE\STDAFX.OBJ
C:\USERS\YOUSSEF ABOZEID\DESKTOP\LOAD_MODEL\LOAD_MODEL\RELEASE\TEXTURE.OBJ
C:\USERS\YOUSSEF ABOZEID\DESKTOP\LOAD_MODEL\LOAD_MODEL\RELEASE\VC100.PDB
C:\USERS\YOUSSEF ABOZEID\DESKTOP\LOAD_MODEL\RELEASE\LOAD_MODEL.EXE
C:\USERS\YOUSSEF ABOZEID\DESKTOP\LOAD_MODEL\RELEASE\LOAD_MODEL.PDB
