C:\USERS\ALWANZO\DOCUMENTS\LOAD_MODEL\LOAD_MODEL\LOAD_MODEL\RELEASE\GLMIMG.OBJ
C:\USERS\ALWANZO\DOCUMENTS\LOAD_MODEL\LOAD_MODEL\LOAD_MODEL\RELEASE\GLM.OBJ
C:\USERS\ALWANZO\DOCUMENTS\LOAD_MODEL\LOAD_MODEL\LOAD_MODEL\RELEASE\TEXTURE.OBJ
C:\USERS\ALWANZO\DOCUMENTS\LOAD_MODEL\LOAD_MODEL\LOAD_MODEL\RELEASE\LOAD_MODEL_EXAMPLE.OBJ
C:\USERS\ALWANZO\DOCUMENTS\LOAD_MODEL\LOAD_MODEL\LOAD_MODEL\RELEASE\VC100.PDB
C:\USERS\ALWANZO\DOCUMENTS\LOAD_MODEL\LOAD_MODEL\LOAD_MODEL\RELEASE\WANDERMAN.PCH
C:\USERS\ALWANZO\DOCUMENTS\LOAD_MODEL\LOAD_MODEL\LOAD_MODEL\RELEASE\STDAFX.OBJ
C:\USERS\ALWANZO\DOCUMENTS\LOAD_MODEL\LOAD_MODEL\LOAD_MODEL\RELEASE\MAIN.OBJ
C:\USERS\USER\WANDERMAN\LOAD_MODEL\LOAD_MODEL\LOAD_MODEL\RELEASE\WANDERMAN.PCH
C:\USERS\USER\WANDERMAN\LOAD_MODEL\LOAD_MODEL\LOAD_MODEL\RELEASE\STDAFX.OBJ
C:\USERS\USER\WANDERMAN\LOAD_MODEL\LOAD_MODEL\LOAD_MODEL\RELEASE\VC110.PDB
C:\USERS\USER\WANDERMAN\LOAD_MODEL\LOAD_MODEL\LOAD_MODEL\RELEASE\GLMIMG.OBJ
C:\USERS\USER\WANDERMAN\LOAD_MODEL\LOAD_MODEL\LOAD_MODEL\RELEASE\GLM.OBJ
C:\USERS\USER\WANDERMAN\LOAD_MODEL\LOAD_MODEL\LOAD_MODEL\RELEASE\TEXTURE.OBJ
C:\USERS\USER\WANDERMAN\LOAD_MODEL\LOAD_MODEL\LOAD_MODEL\RELEASE\MAIN.OBJ
C:\USERS\ALWANZO\DOCUMENTS\LOAD_MODEL\LOAD_MODEL\RELEASE\WANDERMAN.EXE
C:\USERS\ALWANZO\DOCUMENTS\LOAD_MODEL\LOAD_MODEL\LOAD_MODEL\RELEASE\WANDERMAN.EXE.INTERMEDIATE.MANIFEST
C:\USERS\ALWANZO\DOCUMENTS\LOAD_MODEL\LOAD_MODEL\RELEASE\WANDERMAN.PDB
C:\USERS\ALWANZO\DOCUMENTS\LOAD_MODEL\LOAD_MODEL\RELEASE\LOAD_MODEL.EXE
C:\Users\user\WanderMan\load_model\load_model\load_model\Release\load_model.vcxprojResolveAssemblyReference.cache
C:\Users\user\WanderMan\load_model\load_model\load_model\Release\glm.obj
C:\Users\user\WanderMan\load_model\load_model\load_model\Release\glmimg.obj
C:\Users\user\WanderMan\load_model\load_model\load_model\Release\load_model_example.obj
C:\Users\user\WanderMan\load_model\load_model\load_model\Release\main.obj
C:\Users\user\WanderMan\load_model\load_model\load_model\Release\stdafx.obj
C:\Users\user\WanderMan\load_model\load_model\load_model\Release\Texture.obj
C:\Users\user\WanderMan\load_model\load_model\load_model\Release\cl.command.1.tlog
C:\Users\user\WanderMan\load_model\load_model\load_model\Release\CL.read.1.tlog
C:\Users\user\WanderMan\load_model\load_model\load_model\Release\CL.write.1.tlog
C:\Users\user\WanderMan\load_model\load_model\load_model\Release\link-cvtres.read.1.tlog
C:\Users\user\WanderMan\load_model\load_model\load_model\Release\link-cvtres.write.1.tlog
C:\Users\user\WanderMan\load_model\load_model\load_model\Release\link-rc.read.1.tlog
C:\Users\user\WanderMan\load_model\load_model\load_model\Release\link-rc.write.1.tlog
C:\Users\user\WanderMan\load_model\load_model\load_model\Release\link.command.1.tlog
C:\Users\user\WanderMan\load_model\load_model\load_model\Release\link.read.1.tlog
C:\Users\user\WanderMan\load_model\load_model\load_model\Release\link.write.1.tlog
C:\Users\user\WanderMan\load_model\load_model\load_model\Release\load_model.write.1.tlog
C:\Users\user\WanderMan\load_model\load_model\load_model\Release\mt.command.1.tlog
C:\Users\user\WanderMan\load_model\load_model\load_model\Release\mt.read.1.tlog
C:\Users\user\WanderMan\load_model\load_model\load_model\Release\mt.write.1.tlog
C:\Users\user\WanderMan\load_model\load_model\load_model\Release\WanderMan.write.1.tlog
C:\Users\user\WanderMan\load_model\load_model\load_model\Release\load_model.exe.intermediate.manifest
C:\Users\user\WanderMan\load_model\load_model\load_model\Release\WanderMan.exe.intermediate.manifest
C:\Users\user\WanderMan\load_model\load_model\load_model\Release\load_model.pch
C:\Users\user\WanderMan\load_model\load_model\load_model\Release\WanderMan.pch
C:\Users\user\WanderMan\load_model\load_model\load_model\Release\vc100.pdb
C:\Users\user\WanderMan\load_model\load_model\load_model\Release\vc110.pdb
