C:\USERS\ALWANZO\DOCUMENTS\LOAD_MODEL\LOAD_MODEL\DEBUG\LOAD_MODEL.EXE
C:\USERS\ALWANZO\DOCUMENTS\LOAD_MODEL\LOAD_MODEL\DEBUG\LOAD_MODEL.ILK
C:\USERS\ALWANZO\DOCUMENTS\LOAD_MODEL\LOAD_MODEL\DEBUG\LOAD_MODEL.PDB
C:\USERS\ALWANZO\DOCUMENTS\LOAD_MODEL\LOAD_MODEL\DEBUG\WANDERMAN.EXE
C:\USERS\ALWANZO\DOCUMENTS\LOAD_MODEL\LOAD_MODEL\DEBUG\WANDERMAN.ILK
C:\USERS\ALWANZO\DOCUMENTS\LOAD_MODEL\LOAD_MODEL\DEBUG\WANDERMAN.PDB
C:\Users\Alwanzo\Documents\load_model\load_model\load_model\Debug\cl.command.1.tlog
C:\Users\Alwanzo\Documents\load_model\load_model\load_model\Debug\CL.read.1.tlog
C:\Users\Alwanzo\Documents\load_model\load_model\load_model\Debug\CL.write.1.tlog
C:\USERS\ALWANZO\DOCUMENTS\LOAD_MODEL\LOAD_MODEL\LOAD_MODEL\DEBUG\GLM.OBJ
C:\USERS\ALWANZO\DOCUMENTS\LOAD_MODEL\LOAD_MODEL\LOAD_MODEL\DEBUG\GLMIMG.OBJ
C:\Users\Alwanzo\Documents\load_model\load_model\load_model\Debug\link.11156.read.1.tlog
C:\Users\Alwanzo\Documents\load_model\load_model\load_model\Debug\link.11156.write.1.tlog
C:\Users\Alwanzo\Documents\load_model\load_model\load_model\Debug\link.11156-cvtres.read.1.tlog
C:\Users\Alwanzo\Documents\load_model\load_model\load_model\Debug\link.11156-cvtres.write.1.tlog
C:\Users\Alwanzo\Documents\load_model\load_model\load_model\Debug\link.11216.read.1.tlog
C:\Users\Alwanzo\Documents\load_model\load_model\load_model\Debug\link.11216.write.1.tlog
C:\Users\Alwanzo\Documents\load_model\load_model\load_model\Debug\link.11216-cvtres.read.1.tlog
C:\Users\Alwanzo\Documents\load_model\load_model\load_model\Debug\link.11216-cvtres.write.1.tlog
C:\Users\Alwanzo\Documents\load_model\load_model\load_model\Debug\link.11512.read.1.tlog
C:\Users\Alwanzo\Documents\load_model\load_model\load_model\Debug\link.11512.write.1.tlog
C:\Users\Alwanzo\Documents\load_model\load_model\load_model\Debug\link.11512-cvtres.read.1.tlog
C:\Users\Alwanzo\Documents\load_model\load_model\load_model\Debug\link.11512-cvtres.write.1.tlog
C:\Users\Alwanzo\Documents\load_model\load_model\load_model\Debug\link.11568.read.1.tlog
C:\Users\Alwanzo\Documents\load_model\load_model\load_model\Debug\link.11568.write.1.tlog
C:\Users\Alwanzo\Documents\load_model\load_model\load_model\Debug\link.11568-cvtres.read.1.tlog
C:\Users\Alwanzo\Documents\load_model\load_model\load_model\Debug\link.11568-cvtres.write.1.tlog
C:\Users\Alwanzo\Documents\load_model\load_model\load_model\Debug\link.11812.read.1.tlog
C:\Users\Alwanzo\Documents\load_model\load_model\load_model\Debug\link.11812.write.1.tlog
C:\Users\Alwanzo\Documents\load_model\load_model\load_model\Debug\link.11812-cvtres.read.1.tlog
C:\Users\Alwanzo\Documents\load_model\load_model\load_model\Debug\link.11812-cvtres.write.1.tlog
C:\Users\Alwanzo\Documents\load_model\load_model\load_model\Debug\link.5416.read.1.tlog
C:\Users\Alwanzo\Documents\load_model\load_model\load_model\Debug\link.5416.write.1.tlog
C:\Users\Alwanzo\Documents\load_model\load_model\load_model\Debug\link.5416-cvtres.read.1.tlog
C:\Users\Alwanzo\Documents\load_model\load_model\load_model\Debug\link.5416-cvtres.write.1.tlog
C:\Users\Alwanzo\Documents\load_model\load_model\load_model\Debug\link.9032.read.1.tlog
C:\Users\Alwanzo\Documents\load_model\load_model\load_model\Debug\link.9032.write.1.tlog
C:\Users\Alwanzo\Documents\load_model\load_model\load_model\Debug\link.9032-cvtres.read.1.tlog
C:\Users\Alwanzo\Documents\load_model\load_model\load_model\Debug\link.9032-cvtres.write.1.tlog
C:\Users\Alwanzo\Documents\load_model\load_model\load_model\Debug\link.9232.read.1.tlog
C:\Users\Alwanzo\Documents\load_model\load_model\load_model\Debug\link.9232.write.1.tlog
C:\Users\Alwanzo\Documents\load_model\load_model\load_model\Debug\link.9232-cvtres.read.1.tlog
C:\Users\Alwanzo\Documents\load_model\load_model\load_model\Debug\link.9232-cvtres.write.1.tlog
C:\Users\Alwanzo\Documents\load_model\load_model\load_model\Debug\link.command.1.tlog
C:\Users\Alwanzo\Documents\load_model\load_model\load_model\Debug\link.read.1.tlog
C:\Users\Alwanzo\Documents\load_model\load_model\load_model\Debug\link.write.1.tlog
C:\Users\Alwanzo\Documents\load_model\load_model\load_model\Debug\link-cvtres.read.1.tlog
C:\Users\Alwanzo\Documents\load_model\load_model\load_model\Debug\link-cvtres.write.1.tlog
C:\USERS\ALWANZO\DOCUMENTS\LOAD_MODEL\LOAD_MODEL\LOAD_MODEL\DEBUG\LOAD_MODEL.EXE.EMBED.MANIFEST
C:\USERS\ALWANZO\DOCUMENTS\LOAD_MODEL\LOAD_MODEL\LOAD_MODEL\DEBUG\LOAD_MODEL.EXE.EMBED.MANIFEST.RES
C:\USERS\ALWANZO\DOCUMENTS\LOAD_MODEL\LOAD_MODEL\LOAD_MODEL\DEBUG\LOAD_MODEL.EXE.INTERMEDIATE.MANIFEST
C:\USERS\ALWANZO\DOCUMENTS\LOAD_MODEL\LOAD_MODEL\LOAD_MODEL\DEBUG\LOAD_MODEL.PCH
C:\Users\Alwanzo\Documents\load_model\load_model\load_model\Debug\load_model.vcxprojResolveAssemblyReference.cache
C:\Users\Alwanzo\Documents\load_model\load_model\load_model\Debug\load_model.write.1.tlog
C:\Users\Alwanzo\Documents\load_model\load_model\load_model\Debug\load_model_manifest.rc
C:\USERS\ALWANZO\DOCUMENTS\LOAD_MODEL\LOAD_MODEL\LOAD_MODEL\DEBUG\MAIN.OBJ
C:\Users\Alwanzo\Documents\load_model\load_model\load_model\Debug\mt.command.1.tlog
C:\Users\Alwanzo\Documents\load_model\load_model\load_model\Debug\mt.read.1.tlog
C:\Users\Alwanzo\Documents\load_model\load_model\load_model\Debug\mt.write.1.tlog
C:\Users\Alwanzo\Documents\load_model\load_model\load_model\Debug\rc.command.1.tlog
C:\Users\Alwanzo\Documents\load_model\load_model\load_model\Debug\rc.read.1.tlog
C:\Users\Alwanzo\Documents\load_model\load_model\load_model\Debug\rc.write.1.tlog
C:\USERS\ALWANZO\DOCUMENTS\LOAD_MODEL\LOAD_MODEL\LOAD_MODEL\DEBUG\STDAFX.OBJ
C:\USERS\ALWANZO\DOCUMENTS\LOAD_MODEL\LOAD_MODEL\LOAD_MODEL\DEBUG\TEXTURE.OBJ
C:\Users\Alwanzo\Documents\load_model\load_model\load_model\Debug\vc100.idb
C:\USERS\ALWANZO\DOCUMENTS\LOAD_MODEL\LOAD_MODEL\LOAD_MODEL\DEBUG\VC100.PDB
C:\USERS\ALWANZO\DOCUMENTS\LOAD_MODEL\LOAD_MODEL\LOAD_MODEL\DEBUG\WANDERMAN.EXE.EMBED.MANIFEST
C:\USERS\ALWANZO\DOCUMENTS\LOAD_MODEL\LOAD_MODEL\LOAD_MODEL\DEBUG\WANDERMAN.EXE.EMBED.MANIFEST.RES
C:\USERS\ALWANZO\DOCUMENTS\LOAD_MODEL\LOAD_MODEL\LOAD_MODEL\DEBUG\WANDERMAN.EXE.INTERMEDIATE.MANIFEST
C:\USERS\ALWANZO\DOCUMENTS\LOAD_MODEL\LOAD_MODEL\LOAD_MODEL\DEBUG\WANDERMAN.PCH
C:\Users\Alwanzo\Documents\load_model\load_model\load_model\Debug\WanderMan.write.1.tlog
C:\Users\Alwanzo\Documents\load_model\load_model\load_model\Debug\WanderMan_manifest.rc
